<?xml version="1.0" encoding="UTF-8"?>
<!-- Generated by org.testng.reporters.JUnitReportReporter -->
<testsuite hostname="MANJU" failures="0" tests="2" name="pkg.Project_Auto" time="44.182" errors="0" timestamp="2024-10-24T19:18:09 IST" skipped="0">
  <testcase classname="pkg.Project_Auto" name="test1" time="13.699"/>
  <testcase classname="pkg.Project_Auto" name="test2" time="30.483"/>
</testsuite> <!-- pkg.Project_Auto -->
